<?xml version="1.0" encoding="UTF-8"?>
<!-- Generated by org.testng.reporters.JUnitReportReporter -->
<testsuite skipped="0" hostname="DESKTOP-T2L4868" name="practiseTesting.TestingDummy5" tests="5" failures="0" timestamp="2022-10-21T18:17:57 IST" time="0.021" errors="0">
  <testcase name="method" time="0.012" classname="practiseTesting.TestingDummy5"/>
  <system-out/>
  <testcase name="method" time="0.002" classname="practiseTesting.TestingDummy5"/>
  <system-out/>
  <testcase name="method" time="0.002" classname="practiseTesting.TestingDummy5"/>
  <system-out/>
  <testcase name="method" time="0.002" classname="practiseTesting.TestingDummy5"/>
  <system-out/>
  <testcase name="method" time="0.003" classname="practiseTesting.TestingDummy5"/>
  <system-out/>
</testsuite> <!-- practiseTesting.TestingDummy5 -->
