<?xml version="1.0" encoding="UTF-8"?>
<!-- Generated by org.testng.reporters.JUnitReportReporter -->
<testsuite skipped="0" hostname="DESKTOP-T2L4868" name="practiseTestng.TesngDummy9" tests="6" failures="0" timestamp="2022-10-28T14:52:50 IST" time="0.023" errors="0">
  <testcase name="testmethod1" time="0.003" classname="practiseTestng.TesngDummy9"/>
  <system-out/>
  <testcase name="testmethod1" time="0.009" classname="practiseTestng.TesngDummy9"/>
  <system-out/>
  <testcase name="testmethod1" time="0.003" classname="practiseTestng.TesngDummy9"/>
  <system-out/>
  <testcase name="testmethod2" time="0.003" classname="practiseTestng.TesngDummy9"/>
  <system-out/>
  <testcase name="testmethod2" time="0.003" classname="practiseTestng.TesngDummy9"/>
  <system-out/>
  <testcase name="testmethod2" time="0.002" classname="practiseTestng.TesngDummy9"/>
  <system-out/>
</testsuite> <!-- practiseTestng.TesngDummy9 -->
