<?xml version="1.0" encoding="UTF-8"?>
<!-- Generated by org.testng.reporters.JUnitReportReporter -->
<testsuite skipped="0" hostname="DESKTOP-T2L4868" name="practiseTesting.TestingDummy3" tests="1" failures="0" timestamp="2022-10-21T16:50:24 IST" time="7.345" errors="0">
  <testcase name="method" time="7.345" classname="practiseTesting.TestingDummy3"/>
  <system-out/>
</testsuite> <!-- practiseTesting.TestingDummy3 -->
