<?xml version="1.0" encoding="UTF-8"?>
<!-- Generated by org.testng.reporters.JUnitReportReporter -->
<testsuite skipped="0" hostname="DESKTOP-T2L4868" name="practiseTestng.TestngDummy11" tests="14" failures="0" timestamp="2022-11-11T17:20:44 IST" time="0.068" errors="0">
  <testcase name="numbersdivison" time="0.003" classname="practiseTestng.TestngDummy11"/>
  <system-out/>
  <testcase name="stringsconcatupper" time="0.006" classname="practiseTestng.TestngDummy11"/>
  <system-out/>
  <testcase name="stringsconcatupper" time="0.004" classname="practiseTestng.TestngDummy11"/>
  <system-out/>
  <testcase name="numbersaddition" time="0.002" classname="practiseTestng.TestngDummy11"/>
  <system-out/>
  <testcase name="numbersmultiply" time="0.005" classname="practiseTestng.TestngDummy11"/>
  <system-out/>
  <testcase name="numberssubstract" time="0.004" classname="practiseTestng.TestngDummy11"/>
  <system-out/>
  <testcase name="numberssubstract" time="0.009" classname="practiseTestng.TestngDummy11"/>
  <system-out/>
  <testcase name="stringsconcat" time="0.004" classname="practiseTestng.TestngDummy11"/>
  <system-out/>
  <testcase name="numbersmultiply" time="0.009" classname="practiseTestng.TestngDummy11"/>
  <system-out/>
  <testcase name="stringnumberconcat" time="0.005" classname="practiseTestng.TestngDummy11"/>
  <system-out/>
  <testcase name="numbersdivison" time="0.004" classname="practiseTestng.TestngDummy11"/>
  <system-out/>
  <testcase name="stringsconcat" time="0.003" classname="practiseTestng.TestngDummy11"/>
  <system-out/>
  <testcase name="numbersaddition" time="0.009" classname="practiseTestng.TestngDummy11"/>
  <system-out/>
  <testcase name="stringnumberconcat" time="0.001" classname="practiseTestng.TestngDummy11"/>
  <system-out/>
</testsuite> <!-- practiseTestng.TestngDummy11 -->
