<?xml version="1.0" encoding="UTF-8"?>
<!-- Generated by org.testng.reporters.JUnitReportReporter -->
<testsuite skipped="0" hostname="DESKTOP-T2L4868" name="practiseTestng.TestngDummy16" tests="2" failures="0" timestamp="2022-11-14T18:05:20 IST" time="0.013" errors="0">
  <testcase name="displaycountry" time="0.011" classname="practiseTestng.TestngDummy16"/>
  <system-out/>
  <testcase name="displaycountry" time="0.002" classname="practiseTestng.TestngDummy16"/>
  <system-out/>
</testsuite> <!-- practiseTestng.TestngDummy16 -->
