<?xml version="1.0" encoding="UTF-8"?>
<!-- Generated by org.testng.reporters.JUnitReportReporter -->
<testsuite skipped="0" hostname="DESKTOP-T2L4868" name="practiseTestng.TestngDummy08" tests="3" failures="0" timestamp="2022-11-15T11:26:20 IST" time="0.017" errors="0">
  <testcase name="testmethod" time="0.002" classname="practiseTestng.TestngDummy08"/>
  <system-out/>
  <testcase name="testmethod" time="0.002" classname="practiseTestng.TestngDummy08"/>
  <system-out/>
  <testcase name="testmethod" time="0.013" classname="practiseTestng.TestngDummy08"/>
  <system-out/>
</testsuite> <!-- practiseTestng.TestngDummy08 -->
