<?xml version="1.0" encoding="UTF-8"?>
<!-- Generated by org.testng.reporters.JUnitReportReporter -->
<testsuite skipped="0" hostname="DESKTOP-T2L4868" name="practiseTestng.TestngDummy09" tests="6" failures="0" timestamp="2022-11-15T11:26:20 IST" time="0.018" errors="0">
  <testcase name="testmethod1" time="0.002" classname="practiseTestng.TestngDummy09"/>
  <system-out/>
  <testcase name="testmethod1" time="0.005" classname="practiseTestng.TestngDummy09"/>
  <system-out/>
  <testcase name="testmethod1" time="0.003" classname="practiseTestng.TestngDummy09"/>
  <system-out/>
  <testcase name="testmethod2" time="0.002" classname="practiseTestng.TestngDummy09"/>
  <system-out/>
  <testcase name="testmethod2" time="0.004" classname="practiseTestng.TestngDummy09"/>
  <system-out/>
  <testcase name="testmethod2" time="0.002" classname="practiseTestng.TestngDummy09"/>
  <system-out/>
</testsuite> <!-- practiseTestng.TestngDummy09 -->
