<?xml version="1.0" encoding="UTF-8"?>
<!-- Generated by org.testng.reporters.JUnitReportReporter -->
<testsuite skipped="0" hostname="DESKTOP-T2L4868" name="practiseTesting.TestDummy2" tests="1" failures="0" timestamp="2022-10-21T14:46:38 IST" time="10.463" errors="0">
  <testcase name="method" time="10.463" classname="practiseTesting.TestDummy2"/>
  <system-out/>
</testsuite> <!-- practiseTesting.TestDummy2 -->
