<?xml version="1.0" encoding="UTF-8"?>
<!-- Generated by org.testng.reporters.JUnitReportReporter -->
<testsuite skipped="0" hostname="DESKTOP-T2L4868" name="practiseTestng.simpleTest" tests="4" failures="0" timestamp="2022-11-12T17:23:16 IST" time="0.024" errors="0">
  <testcase name="testMethodOne" time="0.002" classname="practiseTestng.simpleTest"/>
  <system-out/>
  <testcase name="testMethodTwo" time="0.004" classname="practiseTestng.simpleTest"/>
  <system-out/>
  <testcase name="testMethodOne" time="0.015" classname="practiseTestng.simpleTest"/>
  <system-out/>
  <testcase name="testMethodTwo" time="0.003" classname="practiseTestng.simpleTest"/>
  <system-out/>
</testsuite> <!-- practiseTestng.simpleTest -->
