<?xml version="1.0" encoding="UTF-8"?>
<!-- Generated by org.testng.reporters.JUnitReportReporter -->
<testsuite skipped="0" hostname="DESKTOP-T2L4868" name="practiseTestng.TestDummy21" tests="1" failures="0" timestamp="2022-11-18T14:07:28 IST" time="16.314" errors="0">
  <testcase name="method1" time="16.314" classname="practiseTestng.TestDummy21"/>
  <system-out>
    <![CDATA[Chrome browser opened
<br>
Google site is launched
<br>
<a href="E:\batch262\org.magnitia.testpractice\target\18-007-2022-02-07-28.ping"><img src="E:\batch262\org.magnitia.testpractice\target\18-007-2022-02-07-28.ping" height="100" width="100"/></a>]]>
  </system-out>
</testsuite> <!-- practiseTestng.TestDummy21 -->
