<?xml version="1.0" encoding="UTF-8"?>
<!-- Generated by org.testng.reporters.JUnitReportReporter -->
<testsuite skipped="0" hostname="DESKTOP-T2L4868" name="practiseTestng.TestngDummy6" tests="2" failures="0" timestamp="2022-11-04T13:46:03 IST" time="0.021" errors="0">
  <testcase name="openbrowser" time="0.018" classname="practiseTestng.TestngDummy6"/>
  <system-out/>
  <testcase name="login" time="0.003" classname="practiseTestng.TestngDummy6"/>
  <system-out/>
</testsuite> <!-- practiseTestng.TestngDummy6 -->
