<?xml version="1.0" encoding="UTF-8"?>
<!-- Generated by org.testng.reporters.JUnitReportReporter -->
<testsuite skipped="0" hostname="DESKTOP-T2L4868" name="practiseTesting.TestingDummy4" tests="1" failures="0" timestamp="2022-10-21T18:10:38 IST" time="20.047" errors="0">
  <testcase name="method" time="20.047" classname="practiseTesting.TestingDummy4"/>
  <system-out/>
</testsuite> <!-- practiseTesting.TestingDummy4 -->
