<?xml version="1.0" encoding="UTF-8"?>
<!-- Generated by org.testng.reporters.JUnitReportReporter -->
<testsuite skipped="0" hostname="DESKTOP-T2L4868" name="practiseTestng.TestngDummy05" tests="5" failures="0" timestamp="2022-11-14T17:57:32 IST" time="0.051" errors="0">
  <testcase name="method" time="0.001" classname="practiseTestng.TestngDummy05"/>
  <system-out/>
  <testcase name="method" time="0.002" classname="practiseTestng.TestngDummy05"/>
  <system-out/>
  <testcase name="method" time="0.045" classname="practiseTestng.TestngDummy05"/>
  <system-out/>
  <testcase name="method" time="0.001" classname="practiseTestng.TestngDummy05"/>
  <system-out/>
  <testcase name="method" time="0.002" classname="practiseTestng.TestngDummy05"/>
  <system-out/>
</testsuite> <!-- practiseTestng.TestngDummy05 -->
