<?xml version="1.0" encoding="UTF-8"?>
<!-- Generated by org.testng.reporters.JUnitReportReporter -->
<testsuite skipped="0" hostname="DESKTOP-T2L4868" name="practiseTestng.TestngDummy10" tests="2" failures="0" timestamp="2022-11-04T17:04:16 IST" time="0.012" errors="0">
  <testcase name="testmethod3" time="0.008" classname="practiseTestng.TestngDummy10"/>
  <system-out/>
  <testcase name="testmethod3" time="0.004" classname="practiseTestng.TestngDummy10"/>
  <system-out/>
</testsuite> <!-- practiseTestng.TestngDummy10 -->
