<?xml version="1.0" encoding="UTF-8"?>
<!-- Generated by org.testng.reporters.JUnitReportReporter -->
<testsuite skipped="0" hostname="DESKTOP-T2L4868" name="practiseTestng.TestngDummy9" tests="6" failures="0" timestamp="2022-11-04T16:37:36 IST" time="0.048" errors="0">
  <testcase name="testmethod1" time="0.005" classname="practiseTestng.TestngDummy9"/>
  <system-out/>
  <testcase name="testmethod1" time="0.013" classname="practiseTestng.TestngDummy9"/>
  <system-out/>
  <testcase name="testmethod1" time="0.012" classname="practiseTestng.TestngDummy9"/>
  <system-out/>
  <testcase name="testmethod2" time="0.011" classname="practiseTestng.TestngDummy9"/>
  <system-out/>
  <testcase name="testmethod2" time="0.004" classname="practiseTestng.TestngDummy9"/>
  <system-out/>
  <testcase name="testmethod2" time="0.003" classname="practiseTestng.TestngDummy9"/>
  <system-out/>
</testsuite> <!-- practiseTestng.TestngDummy9 -->
