<?xml version="1.0" encoding="UTF-8"?>
<!-- Generated by org.testng.reporters.JUnitReportReporter -->
<testsuite skipped="0" hostname="DESKTOP-T2L4868" name="practiseTestng.TestngDummy8" tests="3" failures="0" timestamp="2022-11-04T15:43:41 IST" time="0.013" errors="0">
  <testcase name="testmethod" time="0.003" classname="practiseTestng.TestngDummy8"/>
  <system-out/>
  <testcase name="testmethod" time="0.008" classname="practiseTestng.TestngDummy8"/>
  <system-out/>
  <testcase name="testmethod" time="0.002" classname="practiseTestng.TestngDummy8"/>
  <system-out/>
</testsuite> <!-- practiseTestng.TestngDummy8 -->
