<?xml version="1.0" encoding="UTF-8"?>
<!-- Generated by org.testng.reporters.JUnitReportReporter -->
<testsuite skipped="0" hostname="DESKTOP-T2L4868" name="practiseTesting.TestingDummy1" tests="1" failures="0" timestamp="2022-10-21T14:37:00 IST" time="0.013" errors="0">
  <testcase name="method" time="0.013" classname="practiseTesting.TestingDummy1"/>
  <system-out/>
</testsuite> <!-- practiseTesting.TestingDummy1 -->
